#
# There is insufficient memory for the Java Runtime Environment to continue.
# Native memory allocation (mmap) failed to map 264241152 bytes for G1 virtual space
# Possible reasons:
#   The system is out of physical RAM or swap space
#   The process is running with CompressedOops enabled, and the Java Heap may be blocking the growth of the native heap
# Possible solutions:
#   Reduce memory load on the system
#   Increase physical memory or swap space
#   Check if swap backing store is full
#   Decrease Java heap size (-Xmx/-Xms)
#   Decrease number of Java threads
#   Decrease Java thread stack sizes (-Xss)
#   Set larger code cache with -XX:ReservedCodeCacheSize=
#   JVM is running with Zero Based Compressed Oops mode in which the Java heap is
#     placed in the first 32GB address space. The Java Heap base address is the
#     maximum limit for the native heap growth. Please use -XX:HeapBaseMinAddress
#     to set the Java Heap base and to place the Java Heap above 32GB virtual address.
# This output file may be truncated or incomplete.
#
#  Out of Memory Error (os_windows.cpp:3829), pid=40388, tid=19368
#
# JRE version:  (17.0.8.1+7) (build )
# Java VM: OpenJDK 64-Bit Server VM (17.0.8.1+7-b1000.32, mixed mode, sharing, tiered, compressed oops, compressed class ptrs, g1 gc, windows-amd64)
# No core dump will be written. Minidumps are not enabled by default on client versions of Windows
#

---------------  S U M M A R Y ------------

Command Line: git4idea.http.GitAskPassApp Username for 'https://github.com': 

Host: 12th Gen Intel(R) Core(TM) i7-12700H, 20 cores, 15G,  Windows 11 , 64 bit Build 22621 (10.0.22621.3085)
Time: Mon Feb 26 02:44:06 2024 India Standard Time elapsed time: 0.008068 seconds (0d 0h 0m 0s)

---------------  T H R E A D  ---------------

Current thread (0x000001fde68eebb0):  JavaThread "Unknown thread" [_thread_in_vm, id=19368, stack(0x0000008547900000,0x0000008547a00000)]

Stack: [0x0000008547900000,0x0000008547a00000]
Native frames: (J=compiled Java code, j=interpreted, Vv=VM code, C=native code)
V  [jvm.dll+0x6852da]
V  [jvm.dll+0x844c84]
V  [jvm.dll+0x84659e]
V  [jvm.dll+0x846c03]
V  [jvm.dll+0x24b7cf]
V  [jvm.dll+0x682049]
V  [jvm.dll+0x67671a]
V  [jvm.dll+0x30be2b]
V  [jvm.dll+0x3132d6]
V  [jvm.dll+0x36302e]
V  [jvm.dll+0x36325f]
V  [jvm.dll+0x2e1f48]
V  [jvm.dll+0x2e2eb4]
V  [jvm.dll+0x815c11]
V  [jvm.dll+0x370df1]
V  [jvm.dll+0x7f4fdc]
V  [jvm.dll+0x3f3f1f]
V  [jvm.dll+0x3f5b31]
C  [jli.dll+0x528f]
C  [ucrtbase.dll+0x29363]
C  [KERNEL32.DLL+0x1257d]
C  [ntdll.dll+0x5aa58]


---------------  P R O C E S S  ---------------

Threads class SMR info:
_java_thread_list=0x00007ffa609400d8, length=0, elements={
}

Java Threads: ( => current thread )

Other Threads:
  0x000001fde6958730 GCTaskThread "GC Thread#0" [stack: 0x0000008547a00000,0x0000008547b00000] [id=25404]
  0x000001fde6969090 ConcurrentGCThread "G1 Main Marker" [stack: 0x0000008547b00000,0x0000008547c00000] [id=40944]
  0x000001fde6969aa0 ConcurrentGCThread "G1 Conc#0" [stack: 0x0000008547c00000,0x0000008547d00000] [id=28256]

[error occurred during error reporting (printing all threads), id 0xc0000005, EXCEPTION_ACCESS_VIOLATION (0xc0000005) at pc=0x00007ffa600f2ab7]

VM state: not at safepoint (not fully initialized)

VM Mutex/Monitor currently owned by a thread:  ([mutex/lock_event])
[0x000001fde68ee000] Heap_lock - owner thread: 0x000001fde68eebb0

Heap address: 0x0000000705e00000, size: 4002 MB, Compressed Oops mode: Zero based, Oop shift amount: 3

CDS archive(s) mapped at: [0x0000000000000000-0x0000000000000000-0x0000000000000000), size 0, SharedBaseAddress: 0x0000000800000000, ArchiveRelocationMode: 1.
Narrow klass base: 0x0000000000000000, Narrow klass shift: 0, Narrow klass range: 0x0

GC Precious Log:
<Empty>

Heap:
 garbage-first heap   total 0K, used 0K [0x0000000705e00000, 0x0000000800000000)
  region size 2048K, 0 young (0K), 0 survivors (0K)
 Metaspace       used 0K, committed 0K, reserved 0K
  class space    used 0K, committed 0K, reserved 0K

Heap Regions: E=young(eden), S=young(survivor), O=old, HS=humongous(starts), HC=humongous(continues), CS=collection set, F=free, OA=open archive, CA=closed archive, TAMS=top-at-mark-start (previous, next)

Card table byte_map: [0x000001fdfa2d0000,0x000001fdfaab0000] _byte_map_base: 0x000001fdf6aa1000

Marking Bits (Prev, Next): (CMBitMap*) 0x000001fde6958d50, (CMBitMap*) 0x000001fde6958d90
 Prev Bits: [0x000001fdfb290000, 0x000001fdff118000)
 Next Bits: [0x000001fd80000000, 0x000001fd83e88000)

GC Heap History (0 events):
No events

Dll operation events (1 events):
Event: 0.006 Loaded shared library C:\Program Files\JetBrains\IntelliJ IDEA 2023.2.3\jbr\bin\java.dll

Deoptimization events (0 events):
No events

Classes unloaded (0 events):
No events

Classes redefined (0 events):
No events

Internal exceptions (0 events):
No events

VM Operations (0 events):
No events

Events (0 events):
No events


Dynamic libraries:
0x00007ff7da7e0000 - 0x00007ff7da7ea000 	C:\Program Files\JetBrains\IntelliJ IDEA 2023.2.3\jbr\bin\java.exe
0x00007ffabb530000 - 0x00007ffabb747000 	C:\WINDOWS\SYSTEM32\ntdll.dll
0x00007ffabb2f0000 - 0x00007ffabb3b4000 	C:\WINDOWS\System32\KERNEL32.DLL
0x00007ffab8ea0000 - 0x00007ffab9246000 	C:\WINDOWS\System32\KERNELBASE.dll
0x00007ffab8870000 - 0x00007ffab8981000 	C:\WINDOWS\System32\ucrtbase.dll
0x00007ffaa4640000 - 0x00007ffaa4657000 	C:\Program Files\JetBrains\IntelliJ IDEA 2023.2.3\jbr\bin\jli.dll
0x00007ffab9ec0000 - 0x00007ffaba06e000 	C:\WINDOWS\System32\USER32.dll
0x00007ffa9a3b0000 - 0x00007ffa9a3cb000 	C:\Program Files\JetBrains\IntelliJ IDEA 2023.2.3\jbr\bin\VCRUNTIME140.dll
0x00007ffab9250000 - 0x00007ffab9276000 	C:\WINDOWS\System32\win32u.dll
0x00007ffabb130000 - 0x00007ffabb159000 	C:\WINDOWS\System32\GDI32.dll
0x00007ffab8990000 - 0x00007ffab8aa8000 	C:\WINDOWS\System32\gdi32full.dll
0x00007ffab8be0000 - 0x00007ffab8c7a000 	C:\WINDOWS\System32\msvcp_win.dll
0x00007ffaa0660000 - 0x00007ffaa08f3000 	C:\WINDOWS\WinSxS\amd64_microsoft.windows.common-controls_6595b64144ccf1df_6.0.22621.2506_none_270c5ae97388e100\COMCTL32.dll
0x00007ffabb3c0000 - 0x00007ffabb467000 	C:\WINDOWS\System32\msvcrt.dll
0x00007ffab98f0000 - 0x00007ffab9921000 	C:\WINDOWS\System32\IMM32.DLL
0x00007ffaa5e10000 - 0x00007ffaa5e1c000 	C:\Program Files\JetBrains\IntelliJ IDEA 2023.2.3\jbr\bin\vcruntime140_1.dll
0x00007ffa837b0000 - 0x00007ffa8383d000 	C:\Program Files\JetBrains\IntelliJ IDEA 2023.2.3\jbr\bin\msvcp140.dll
0x00007ffa5fe00000 - 0x00007ffa60a83000 	C:\Program Files\JetBrains\IntelliJ IDEA 2023.2.3\jbr\bin\server\jvm.dll
0x00007ffaba070000 - 0x00007ffaba123000 	C:\WINDOWS\System32\ADVAPI32.dll
0x00007ffaba150000 - 0x00007ffaba1f8000 	C:\WINDOWS\System32\sechost.dll
0x00007ffab8e70000 - 0x00007ffab8e98000 	C:\WINDOWS\System32\bcrypt.dll
0x00007ffabb160000 - 0x00007ffabb277000 	C:\WINDOWS\System32\RPCRT4.dll
0x00007ffab7700000 - 0x00007ffab774d000 	C:\WINDOWS\SYSTEM32\POWRPROF.dll
0x00007ffab0030000 - 0x00007ffab003a000 	C:\WINDOWS\SYSTEM32\VERSION.dll
0x00007ffaad5f0000 - 0x00007ffaad5f9000 	C:\WINDOWS\SYSTEM32\WSOCK32.dll
0x00007ffab9db0000 - 0x00007ffab9e21000 	C:\WINDOWS\System32\WS2_32.dll
0x00007ffab0870000 - 0x00007ffab08a4000 	C:\WINDOWS\SYSTEM32\WINMM.dll
0x00007ffab76e0000 - 0x00007ffab76f3000 	C:\WINDOWS\SYSTEM32\UMPDC.dll
0x00007ffab79a0000 - 0x00007ffab79b8000 	C:\WINDOWS\SYSTEM32\kernel.appcore.dll
0x00007ffab3120000 - 0x00007ffab312a000 	C:\Program Files\JetBrains\IntelliJ IDEA 2023.2.3\jbr\bin\jimage.dll
0x00007ffab5b80000 - 0x00007ffab5db3000 	C:\WINDOWS\SYSTEM32\DBGHELP.DLL
0x00007ffab9420000 - 0x00007ffab97a9000 	C:\WINDOWS\System32\combase.dll
0x00007ffab9810000 - 0x00007ffab98e7000 	C:\WINDOWS\System32\OLEAUT32.dll
0x00007ffaaf8d0000 - 0x00007ffaaf902000 	C:\WINDOWS\SYSTEM32\dbgcore.DLL
0x00007ffab8df0000 - 0x00007ffab8e6a000 	C:\WINDOWS\System32\bcryptPrimitives.dll
0x00007ffaabf80000 - 0x00007ffaabfa5000 	C:\Program Files\JetBrains\IntelliJ IDEA 2023.2.3\jbr\bin\java.dll

dbghelp: loaded successfully - version: 4.0.5 - missing functions: none
symbol engine: initialized successfully - sym options: 0x614 - pdb path: .;C:\Program Files\JetBrains\IntelliJ IDEA 2023.2.3\jbr\bin;C:\WINDOWS\SYSTEM32;C:\WINDOWS\WinSxS\amd64_microsoft.windows.common-controls_6595b64144ccf1df_6.0.22621.2506_none_270c5ae97388e100;C:\Program Files\JetBrains\IntelliJ IDEA 2023.2.3\jbr\bin\server

VM Arguments:
java_command: git4idea.http.GitAskPassApp Username for 'https://github.com': 
java_class_path (initial): C:/Program Files/JetBrains/IntelliJ IDEA 2023.2.3/plugins/vcs-git/lib/git4idea-rt.jar;C:/Program Files/JetBrains/IntelliJ IDEA 2023.2.3/lib/externalProcess-rt.jar
Launcher Type: SUN_STANDARD

[Global flags]
     intx CICompilerCount                          = 12                                        {product} {ergonomic}
     uint ConcGCThreads                            = 4                                         {product} {ergonomic}
     uint G1ConcRefinementThreads                  = 15                                        {product} {ergonomic}
   size_t G1HeapRegionSize                         = 2097152                                   {product} {ergonomic}
    uintx GCDrainStackTargetSize                   = 64                                        {product} {ergonomic}
   size_t InitialHeapSize                          = 264241152                                 {product} {ergonomic}
   size_t MarkStackSize                            = 4194304                                   {product} {ergonomic}
   size_t MaxHeapSize                              = 4196401152                                {product} {ergonomic}
   size_t MinHeapDeltaBytes                        = 2097152                                   {product} {ergonomic}
   size_t MinHeapSize                              = 8388608                                   {product} {ergonomic}
    uintx NonNMethodCodeHeapSize                   = 7602480                                {pd product} {ergonomic}
    uintx NonProfiledCodeHeapSize                  = 122027880                              {pd product} {ergonomic}
    uintx ProfiledCodeHeapSize                     = 122027880                              {pd product} {ergonomic}
    uintx ReservedCodeCacheSize                    = 251658240                              {pd product} {ergonomic}
     bool SegmentedCodeCache                       = true                                      {product} {ergonomic}
   size_t SoftMaxHeapSize                          = 4196401152                             {manageable} {ergonomic}
     bool UseCompressedClassPointers               = true                           {product lp64_product} {ergonomic}
     bool UseCompressedOops                        = true                           {product lp64_product} {ergonomic}
     bool UseG1GC                                  = true                                      {product} {ergonomic}
     bool UseLargePagesIndividualAllocation        = false                                  {pd product} {ergonomic}

Logging:
Log output configuration:
 #0: stdout all=warning uptime,level,tags
 #1: stderr all=off uptime,level,tags

Environment Variables:
PATH=C:\Program Files\Git\mingw64\libexec\git-core;C:\Program Files\Git\mingw64\libexec\git-core;C:\Program Files\Git\mingw64\bin;C:\Program Files\Git\usr\bin;C:\Users\subho\bin;C:\Program Files\Common Files\Oracle\Java\javapath;C:\Python312\Scripts;C:\Python312;C:\Windows\system32;C:\Windows;C:\Windows\System32\Wbem;C:\Windows\System32\WindowsPowerShell\v1.0;C:\Windows\System32\OpenSSH;C:\Program Files (x86)\NVIDIA Corporation\PhysX\Common;C:\Program Files\NVIDIA Corporation\NVIDIA NvDLISR;C:\WINDOWS\system32;C:\WINDOWS;C:\WINDOWS\System32\Wbem;C:\WINDOWS\System32\WindowsPowerShell\v1.0;C:\WINDOWS\System32\OpenSSH;C:\Program Files\nodejs;C:\ProgramData\chocolatey\bin;C:\Program Files\Git\cmd;C:\Program Files\dotnet;C:\Program Files\Docker\Docker\resources\bin;C:\Program Files\MySQL\MySQL Shell 8.0\bin;C:\Users\subho\AppData\Local\Microsoft\WindowsApps;C:\Users\subho\AppData\Local\GitHubDesktop\bin;E:\Microsoft VS Code\bin;C:\MinGW\bin;C:\Users\subho\AppData\Roaming\npm;C:\Program Files\Java\jdk-21\bin;C:\Program Files\MySQL\MySQL Server 8.0\bin;C:\Program Files\JetBrains\IntelliJ IDEA 2023.2.3\bin;E:\dev\flutter\bin
USERNAME=subho
DISPLAY=:0.0
LC_ALL=en_US.UTF-8
TERM=xterm-256color
TMPDIR=C:\Users\subho\AppData\Local\Temp
OS=Windows_NT
PROCESSOR_IDENTIFIER=Intel64 Family 6 Model 154 Stepping 3, GenuineIntel
TMP=C:\Users\subho\AppData\Local\Temp
TEMP=C:\Users\subho\AppData\Local\Temp


JNI global refs:
JNI global refs: 0, weak refs: 0

JNI global refs memory usage: 0, weak refs: 0

OOME stack traces (most recent first):
Classloader memory used:


---------------  S Y S T E M  ---------------

OS:
 Windows 11 , 64 bit Build 22621 (10.0.22621.3085)
OS uptime: 11 days 1:59 hours
Hyper-V role detected

CPU: total 20 (initial active 20) (10 cores per cpu, 2 threads per core) family 6 model 154 stepping 3 microcode 0x429, cx8, cmov, fxsr, ht, mmx, 3dnowpref, sse, sse2, sse3, ssse3, sse4.1, sse4.2, popcnt, lzcnt, tsc, tscinvbit, avx, avx2, aes, erms, clmul, bmi1, bmi2, adx, sha, fma, vzeroupper, clflush, clflushopt, clwb, hv
Processor Information for all 20 processors :
  Max Mhz: 2300, Current Mhz: 2300, Mhz Limit: 2300

Memory: 4k page, system-wide physical 16004M (3905M free)
TotalPageFile size 48483M (AvailPageFile size 68M)
current process WorkingSet (physical memory assigned to process): 12M, peak: 12M
current process commit charge ("private bytes"): 75M, peak: 327M

vm_info: OpenJDK 64-Bit Server VM (17.0.8.1+7-b1000.32) for windows-amd64 JRE (17.0.8.1+7-b1000.32), built on 2023-09-15 by "builduser" with MS VC++ 16.10 / 16.11 (VS2019)

END.
